18-05-2026 01:45:47	This log contains information about the import schema operation into project 'LEARNING' on computer 'USHYDMDUSSA5' by user 'mdussa'.
18-05-2026 01:45:48	Import of database schema has started.
18-05-2026 01:46:12	Gathering database credentials
18-05-2026 01:46:12	Gathering database options
18-05-2026 01:46:12	Gathering generic database scoped configuration option
18-05-2026 01:46:12	Gathering users
18-05-2026 01:46:12	Gathering roles
18-05-2026 01:46:12	Gathering application roles
18-05-2026 01:46:12	Gathering role memberships
18-05-2026 01:46:12	Gathering filegroups
18-05-2026 01:46:12	Gathering full-text catalogs
18-05-2026 01:46:12	Gathering assemblies
18-05-2026 01:46:12	Gathering certificates
18-05-2026 01:46:12	Gathering asymmetric keys
18-05-2026 01:46:12	Gathering symmetric keys
18-05-2026 01:46:12	Gathering encrypted symmetric keys
18-05-2026 01:46:12	Gathering schemas
18-05-2026 01:46:12	Gathering XML schema collections
18-05-2026 01:46:12	Gathering user-defined data types
18-05-2026 01:46:12	Gathering user-defined types
18-05-2026 01:46:12	Gathering table types
18-05-2026 01:46:12	Gathering unique keys for table types
18-05-2026 01:46:12	Gathering primary keys for table types
18-05-2026 01:46:13	Gathering indexes for table types
18-05-2026 01:46:13	Gathering check constraints for table types
18-05-2026 01:46:13	Gathering default constraints for table types
18-05-2026 01:46:13	Gathering partition functions
18-05-2026 01:46:13	Gathering partition schemes
18-05-2026 01:46:13	Gathering functions
18-05-2026 01:46:13	Gathering encrypted functions
18-05-2026 01:46:13	Gathering aggregates
18-05-2026 01:46:13	Gathering procedures
18-05-2026 01:46:13	Gathering encrypted procedures
18-05-2026 01:46:13	Gathering tables
18-05-2026 01:46:45	Gathering primary keys
18-05-2026 01:46:45	Gathering unique constraints
18-05-2026 01:46:45	Gathering foreign keys
18-05-2026 01:46:45	Gathering default constraints
18-05-2026 01:46:46	Gathering check constraints
18-05-2026 01:46:46	Gathering views
18-05-2026 01:46:46	Gathering encrypted views
18-05-2026 01:46:46	Gathering indexes
18-05-2026 01:46:46	Gathering statistics
18-05-2026 01:46:46	Gathering full-text index stoplists
18-05-2026 01:46:46	Gathering search property lists
18-05-2026 01:46:46	Gathering search properties
18-05-2026 01:46:46	Gathering full-text indexes
18-05-2026 01:46:46	Gathering column store indexes
18-05-2026 01:46:46	Gathering spatial indexes
18-05-2026 01:46:46	Gathering XML indexes
18-05-2026 01:46:46	Gathering JSON indexes
18-05-2026 01:46:46	Gathering Selective XML indexes
18-05-2026 01:46:46	Gathering encrypted triggers
18-05-2026 01:46:46	Gathering triggers
18-05-2026 01:46:46	Gathering encrypted and clr ddl triggers
18-05-2026 01:46:46	Gathering ddl triggers
18-05-2026 01:46:46	Creating edge constraints
18-05-2026 01:46:46	Gathering synonyms
18-05-2026 01:46:46	Gathering defaults
18-05-2026 01:46:46	Gathering data constraint uddt bindings
18-05-2026 01:46:46	Gathering rules
18-05-2026 01:46:46	Gathering data constraint uddt bindings
18-05-2026 01:46:46	Gathering message types
18-05-2026 01:46:46	Gathering queues
18-05-2026 01:46:46	Gathering contracts
18-05-2026 01:46:46	Gathering services
18-05-2026 01:46:46	Gathering event notifications
18-05-2026 01:46:46	Gathering remote service bindings
18-05-2026 01:46:46	Gathering broker priorities
18-05-2026 01:46:46	Gathering signatures
18-05-2026 01:46:46	Gathering compression options
18-05-2026 01:46:46	Gathering sequence types
18-05-2026 01:46:46	Gathering security policies
18-05-2026 01:46:46	Gather column encryption keys
18-05-2026 01:46:46	Gathering column master keys
18-05-2026 01:46:46	Gathering external data sources
18-05-2026 01:46:46	Gathering external file formats
18-05-2026 01:46:46	Gathering external models
18-05-2026 01:46:46	Gathering external tables
18-05-2026 01:46:46	Gathering XML index compression options
18-05-2026 01:46:46	Gathering database permissions
18-05-2026 01:46:47	Gathering extended properties
18-05-2026 01:46:47	Gathering assemblies
18-05-2026 01:46:47	Gathering credentials
18-05-2026 01:46:47	Gathering logins
18-05-2026 01:46:47	Gathering server audits
18-05-2026 01:46:47	Scanning project for duplicate elements
18-05-2026 01:46:47	Finished duplicate element processing
18-05-2026 01:46:48	Finished importing database.
18-05-2026 01:46:48	A summary of the import was saved to the following location: C:\Users\mdussa\Desktop\WOW-Practice\demo2\src\LEARNING\Import Schema Logs\LEARNING_20260517081547.log
18-05-2026 01:46:48	Click Finish to continue...
